<?xml version="1.0" encoding="UTF-8"?>
<testsuite xmlns:xsi="http://www.w3.org/2001/XMLSchema-instance" xsi:noNamespaceSchemaLocation="https://maven.apache.org/surefire/maven-surefire-plugin/xsd/surefire-test-report-3.0.xsd" version="3.0" name="com.example.TweetSentimentAnalyzer.TweetSentimentAnalyzerApplicationTests" time="1.275" tests="1" errors="0" skipped="0" failures="0">
  <properties>
[...]
</properties>
  <testcase name="contextLoads" classname="com.example.TweetSentimentAnalyzer.TweetSentimentAnalyzerApplicationTests" time="0.452">
    <system-out><![CDATA[15:18:44.005 [main] INFO org.springframework.test.context.support.AnnotationConfigContextLoaderUtils -- Could not detect default configuration classes for test class [com.example.TweetSentimentAnalyzer.TweetSentimentAnalyzerApplicationTests]: TweetSentimentAnalyzerApplicationTests does not declare any static, non-private, non-final, nested classes annotated with @Configuration.
15:18:44.055 [main] INFO org.springframework.boot.test.context.SpringBootTestContextBootstrapper -- Found @SpringBootConfiguration com.example.TweetSentimentAnalyzer.TweetSentimentAnalyzerApplication for test class com.example.TweetSentimentAnalyzer.TweetSentimentAnalyzerApplicationTests

  .   ____          _            __ _ _
 /\\ / ___'_ __ _ _(_)_ __  __ _ \ \ \ \
( ( )\___ | '_ | '_| | '_ \/ _` | \ \ \ \
 \\/  ___)| |_)| | | | | || (_| |  ) ) ) )
  '  |____| .__|_| |_|_| |_\__, | / / / /
 =========|_|==============|___/=/_/_/_/
 :: Spring Boot ::                (v3.1.2)

2023-08-03T15:18:44.211-07:00  WARN 50418 --- [           main] ory$DuplicateJsonObjectContextCustomizer : 

Found multiple occurrences of org.json.JSONObject on the class path:

	jar:file:/Users/aryansood/.m2/repository/org/json/json/20140107/json-20140107.jar!/org/json/JSONObject.class
	jar:file:/Users/aryansood/.m2/repository/com/vaadin/external/google/android-json/0.0.20131108.vaadin1/android-json-0.0.20131108.vaadin1.jar!/org/json/JSONObject.class

You may wish to exclude one of them to ensure predictable runtime behavior

2023-08-03T15:18:44.219-07:00  INFO 50418 --- [           main] T.TweetSentimentAnalyzerApplicationTests : Starting TweetSentimentAnalyzerApplicationTests using Java 20.0.1 with PID 50418 (started by aryansood in /Users/aryansood/Desktop/TweetSentimentAnalyzer)
2023-08-03T15:18:44.219-07:00  INFO 50418 --- [           main] T.TweetSentimentAnalyzerApplicationTests : No active profile set, falling back to 1 default profile: "default"
2023-08-03T15:18:44.670-07:00  INFO 50418 --- [           main] o.s.b.a.w.s.WelcomePageHandlerMapping    : Adding welcome page: class path resource [static/index.html]
2023-08-03T15:18:44.733-07:00  INFO 50418 --- [           main] T.TweetSentimentAnalyzerApplicationTests : Started TweetSentimentAnalyzerApplicationTests in 0.617 seconds (process running for 1.058)
]]></system-out>
  </testcase>
</testsuite>